<?xml version="1.0" encoding="UTF-8"?>
<!-- Generated by org.testng.reporters.JUnitXMLReporter -->
<testsuite ignored="0" hostname="CIDC070" failures="4" tests="4" name="Test3" time="90.105" errors="0" timestamp="2023-07-10T12:18:58 IST">
  <testcase classname="com.AlliedInsulation.LoginTest.LoginTestValidation" name="loginValidationTest" time="21.494">
    <failure type="java.lang.AssertionError" message="Unable To Click the element Cannot invoke &amp;quot;org.openqa.selenium.WebElement.clear()&amp;quot; because &amp;quot;ele&amp;quot; is null">
      <![CDATA[java.lang.AssertionError: Unable To Click the element Cannot invoke "org.openqa.selenium.WebElement.clear()" because "ele" is null
at com.AlliedInsulation.commonUtilities.CommonMethods.enterValue(CommonMethods.java:90)
at com.AlliedInsulation.pages.LoginPageObjects.enterUserEmail(LoginPageObjects.java:58)
at com.AlliedInsulation.LoginTest.LoginTestValidation.loginValidationTest(LoginTestValidation.java:28)
at java.base/java.util.ArrayList.forEach(ArrayList.java:1511)
... Removed 25 stack frames]]>
    </failure>
  </testcase> <!-- loginValidationTest -->
  <testcase classname="com.AlliedInsulation.LoginTest.LoginTestValidation" name="loginValidationTest" time="20.554">
    <failure type="java.lang.AssertionError" message="Unable To Click the element Cannot invoke &amp;quot;org.openqa.selenium.WebElement.clear()&amp;quot; because &amp;quot;ele&amp;quot; is null">
      <![CDATA[java.lang.AssertionError: Unable To Click the element Cannot invoke "org.openqa.selenium.WebElement.clear()" because "ele" is null
at com.AlliedInsulation.commonUtilities.CommonMethods.enterValue(CommonMethods.java:90)
at com.AlliedInsulation.pages.LoginPageObjects.enterUserEmail(LoginPageObjects.java:58)
at com.AlliedInsulation.LoginTest.LoginTestValidation.loginValidationTest(LoginTestValidation.java:28)
at java.base/java.util.ArrayList.forEach(ArrayList.java:1511)
... Removed 25 stack frames]]>
    </failure>
  </testcase> <!-- loginValidationTest -->
  <testcase classname="com.AlliedInsulation.LoginTest.LoginTestValidation" name="loginValidationTest" time="21.282">
    <failure type="java.lang.AssertionError" message="Unable To Click the element Cannot invoke &amp;quot;org.openqa.selenium.WebElement.clear()&amp;quot; because &amp;quot;ele&amp;quot; is null">
      <![CDATA[java.lang.AssertionError: Unable To Click the element Cannot invoke "org.openqa.selenium.WebElement.clear()" because "ele" is null
at com.AlliedInsulation.commonUtilities.CommonMethods.enterValue(CommonMethods.java:90)
at com.AlliedInsulation.pages.LoginPageObjects.enterUserEmail(LoginPageObjects.java:58)
at com.AlliedInsulation.LoginTest.LoginTestValidation.loginValidationTest(LoginTestValidation.java:28)
at java.base/java.util.ArrayList.forEach(ArrayList.java:1511)
... Removed 25 stack frames]]>
    </failure>
  </testcase> <!-- loginValidationTest -->
  <testcase classname="com.AlliedInsulation.LoginTest.LoginTestValidation" name="loginValidationTest" time="21.17">
    <failure type="java.lang.AssertionError" message="Unable To Click the element Cannot invoke &amp;quot;org.openqa.selenium.WebElement.clear()&amp;quot; because &amp;quot;ele&amp;quot; is null">
      <![CDATA[java.lang.AssertionError: Unable To Click the element Cannot invoke "org.openqa.selenium.WebElement.clear()" because "ele" is null
at com.AlliedInsulation.commonUtilities.CommonMethods.enterValue(CommonMethods.java:90)
at com.AlliedInsulation.pages.LoginPageObjects.enterUserEmail(LoginPageObjects.java:58)
at com.AlliedInsulation.LoginTest.LoginTestValidation.loginValidationTest(LoginTestValidation.java:28)
at java.base/java.util.ArrayList.forEach(ArrayList.java:1511)
... Removed 25 stack frames]]>
    </failure>
  </testcase> <!-- loginValidationTest -->
</testsuite> <!-- Test3 -->
